Analysis & Synthesis report for RISC_processor
Sat May 07 23:33:54 2022
Quartus Prime Version 20.1.1 Build 720 11/11/2020 SJ Lite Edition


---------------------
; Table of Contents ;
---------------------
  1. Legal Notice
  2. Analysis & Synthesis Summary
  3. Analysis & Synthesis Settings
  4. Parallel Compilation
  5. Analysis & Synthesis Source Files Read
  6. Analysis & Synthesis Resource Usage Summary
  7. Analysis & Synthesis Resource Utilization by Entity
  8. General Register Statistics
  9. Analysis & Synthesis Messages



----------------
; Legal Notice ;
----------------
Copyright (C) 2020  Intel Corporation. All rights reserved.
Your use of Intel Corporation's design tools, logic functions 
and other software and tools, and any partner logic 
functions, and any output files from any of the foregoing 
(including device programming or simulation files), and any 
associated documentation or information are expressly subject 
to the terms and conditions of the Intel Program License 
Subscription Agreement, the Intel Quartus Prime License Agreement,
the Intel FPGA IP License Agreement, or other applicable license
agreement, including, without limitation, that your use is for
the sole purpose of programming logic devices manufactured by
Intel and sold by Intel or its authorized distributors.  Please
refer to the applicable agreement for further details, at
https://fpgasoftware.intel.com/eula.



+---------------------------------------------------------------------------+
; Analysis & Synthesis Summary                                              ;
+-----------------------------+---------------------------------------------+
; Analysis & Synthesis Status ; Successful - Sat May 07 23:33:54 2022       ;
; Quartus Prime Version       ; 20.1.1 Build 720 11/11/2020 SJ Lite Edition ;
; Revision Name               ; RISC_processor                              ;
; Top-level Entity Name       ; RISC_processor                              ;
; Family                      ; MAX V                                       ;
; Total logic elements        ; 0                                           ;
; Total pins                  ; 2                                           ;
; Total virtual pins          ; 0                                           ;
; UFM blocks                  ; 0 / 1 ( 0 % )                               ;
+-----------------------------+---------------------------------------------+


+------------------------------------------------------------------------------------------------------------+
; Analysis & Synthesis Settings                                                                              ;
+------------------------------------------------------------------+--------------------+--------------------+
; Option                                                           ; Setting            ; Default Value      ;
+------------------------------------------------------------------+--------------------+--------------------+
; Device                                                           ; 5M1270ZT144C5      ;                    ;
; Top-level entity name                                            ; RISC_processor     ; RISC_processor     ;
; Family name                                                      ; MAX V              ; Cyclone V          ;
; Use smart compilation                                            ; Off                ; Off                ;
; Enable parallel Assembler and Timing Analyzer during compilation ; On                 ; On                 ;
; Enable compact report table                                      ; Off                ; Off                ;
; Restructure Multiplexers                                         ; Auto               ; Auto               ;
; Create Debugging Nodes for IP Cores                              ; Off                ; Off                ;
; Preserve fewer node names                                        ; On                 ; On                 ;
; Intel FPGA IP Evaluation Mode                                    ; Enable             ; Enable             ;
; Verilog Version                                                  ; Verilog_2001       ; Verilog_2001       ;
; VHDL Version                                                     ; VHDL_1993          ; VHDL_1993          ;
; State Machine Processing                                         ; Auto               ; Auto               ;
; Safe State Machine                                               ; Off                ; Off                ;
; Extract Verilog State Machines                                   ; On                 ; On                 ;
; Extract VHDL State Machines                                      ; On                 ; On                 ;
; Ignore Verilog initial constructs                                ; Off                ; Off                ;
; Iteration limit for constant Verilog loops                       ; 5000               ; 5000               ;
; Iteration limit for non-constant Verilog loops                   ; 250                ; 250                ;
; Add Pass-Through Logic to Inferred RAMs                          ; On                 ; On                 ;
; Infer RAMs from Raw Logic                                        ; On                 ; On                 ;
; Parallel Synthesis                                               ; On                 ; On                 ;
; NOT Gate Push-Back                                               ; On                 ; On                 ;
; Power-Up Don't Care                                              ; On                 ; On                 ;
; Remove Redundant Logic Cells                                     ; Off                ; Off                ;
; Remove Duplicate Registers                                       ; On                 ; On                 ;
; Ignore CARRY Buffers                                             ; Off                ; Off                ;
; Ignore CASCADE Buffers                                           ; Off                ; Off                ;
; Ignore GLOBAL Buffers                                            ; Off                ; Off                ;
; Ignore ROW GLOBAL Buffers                                        ; Off                ; Off                ;
; Ignore LCELL Buffers                                             ; Off                ; Off                ;
; Ignore SOFT Buffers                                              ; On                 ; On                 ;
; Limit AHDL Integers to 32 Bits                                   ; Off                ; Off                ;
; Optimization Technique                                           ; Balanced           ; Balanced           ;
; Carry Chain Length                                               ; 70                 ; 70                 ;
; Auto Carry Chains                                                ; On                 ; On                 ;
; Auto Open-Drain Pins                                             ; On                 ; On                 ;
; Perform WYSIWYG Primitive Resynthesis                            ; Off                ; Off                ;
; Auto Shift Register Replacement                                  ; Auto               ; Auto               ;
; Allow Shift Register Merging across Hierarchies                  ; Auto               ; Auto               ;
; Auto Clock Enable Replacement                                    ; On                 ; On                 ;
; Allow Synchronous Control Signals                                ; On                 ; On                 ;
; Force Use of Synchronous Clear Signals                           ; Off                ; Off                ;
; Auto Resource Sharing                                            ; Off                ; Off                ;
; Use LogicLock Constraints during Resource Balancing              ; On                 ; On                 ;
; Ignore translate_off and synthesis_off directives                ; Off                ; Off                ;
; Report Parameter Settings                                        ; On                 ; On                 ;
; Report Source Assignments                                        ; On                 ; On                 ;
; Report Connectivity Checks                                       ; On                 ; On                 ;
; Ignore Maximum Fan-Out Assignments                               ; Off                ; Off                ;
; Synchronization Register Chain Length                            ; 2                  ; 2                  ;
; Power Optimization During Synthesis                              ; Normal compilation ; Normal compilation ;
; HDL message level                                                ; Level2             ; Level2             ;
; Suppress Register Optimization Related Messages                  ; Off                ; Off                ;
; Number of Removed Registers Reported in Synthesis Report         ; 5000               ; 5000               ;
; Number of Swept Nodes Reported in Synthesis Report               ; 5000               ; 5000               ;
; Number of Inverted Registers Reported in Synthesis Report        ; 100                ; 100                ;
; Clock MUX Protection                                             ; On                 ; On                 ;
; Block Design Naming                                              ; Auto               ; Auto               ;
; Synthesis Effort                                                 ; Auto               ; Auto               ;
; Shift Register Replacement - Allow Asynchronous Clear Signal     ; On                 ; On                 ;
; Analysis & Synthesis Message Level                               ; Medium             ; Medium             ;
; Disable Register Merging Across Hierarchies                      ; Auto               ; Auto               ;
+------------------------------------------------------------------+--------------------+--------------------+


+------------------------------------------+
; Parallel Compilation                     ;
+----------------------------+-------------+
; Processors                 ; Number      ;
+----------------------------+-------------+
; Number detected on machine ; 8           ;
; Maximum allowed            ; 4           ;
;                            ;             ;
; Average used               ; 1.00        ;
; Maximum used               ; 1           ;
;                            ;             ;
; Usage by Processor         ; % Time Used ;
;     Processor 1            ; 100.0%      ;
+----------------------------+-------------+


+------------------------------------------------------------------------------------------------------------------------------------------------------+
; Analysis & Synthesis Source Files Read                                                                                                               ;
+----------------------------------+-----------------+-----------------+---------------------------------------------------------------------+---------+
; File Name with User-Entered Path ; Used in Netlist ; File Type       ; File Name with Absolute Path                                        ; Library ;
+----------------------------------+-----------------+-----------------+---------------------------------------------------------------------+---------+
; RISC_processor.vhd               ; yes             ; User VHDL File  ; C:/Users/Monu kumar yadav/Desktop/EE_309_project/RISC_processor.vhd ;         ;
+----------------------------------+-----------------+-----------------+---------------------------------------------------------------------+---------+


+-----------------------------------------------------+
; Analysis & Synthesis Resource Usage Summary         ;
+---------------------------------------------+-------+
; Resource                                    ; Usage ;
+---------------------------------------------+-------+
; Total logic elements                        ; 0     ;
;     -- Combinational with no register       ; 0     ;
;     -- Register only                        ; 0     ;
;     -- Combinational with a register        ; 0     ;
;                                             ;       ;
; Logic element usage by number of LUT inputs ;       ;
;     -- 4 input functions                    ; 0     ;
;     -- 3 input functions                    ; 0     ;
;     -- 2 input functions                    ; 0     ;
;     -- 1 input functions                    ; 0     ;
;     -- 0 input functions                    ; 0     ;
;                                             ;       ;
; Logic elements by mode                      ;       ;
;     -- normal mode                          ; 0     ;
;     -- arithmetic mode                      ; 0     ;
;     -- qfbk mode                            ; 0     ;
;     -- register cascade mode                ; 0     ;
;     -- synchronous clear/load mode          ; 0     ;
;     -- asynchronous clear/load mode         ; 0     ;
;                                             ;       ;
; Total registers                             ; 0     ;
; I/O pins                                    ; 2     ;
+---------------------------------------------+-------+


+---------------------------------------------------------------------------------------------------------------------------------------------------------------------------------------------------------------------------------------+
; Analysis & Synthesis Resource Utilization by Entity                                                                                                                                                                                   ;
+----------------------------+-------------+--------------+------------+------+--------------+--------------+-------------------+------------------+-----------------+------------+---------------------+----------------+--------------+
; Compilation Hierarchy Node ; Logic Cells ; LC Registers ; UFM Blocks ; Pins ; Virtual Pins ; LUT-Only LCs ; Register-Only LCs ; LUT/Register LCs ; Carry Chain LCs ; Packed LCs ; Full Hierarchy Name ; Entity Name    ; Library Name ;
+----------------------------+-------------+--------------+------------+------+--------------+--------------+-------------------+------------------+-----------------+------------+---------------------+----------------+--------------+
; |RISC_processor            ; 0 (0)       ; 0            ; 0          ; 2    ; 0            ; 0 (0)        ; 0 (0)             ; 0 (0)            ; 0 (0)           ; 0 (0)      ; |RISC_processor     ; RISC_processor ; work         ;
+----------------------------+-------------+--------------+------------+------+--------------+--------------+-------------------+------------------+-----------------+------------+---------------------+----------------+--------------+
Note: For table entries with two numbers listed, the numbers in parentheses indicate the number of resources of the given type used by the specific entity alone. The numbers listed outside of parentheses indicate the total resources of the given type used by the specific entity and all of its sub-entities in the hierarchy.


+------------------------------------------------------+
; General Register Statistics                          ;
+----------------------------------------------+-------+
; Statistic                                    ; Value ;
+----------------------------------------------+-------+
; Total registers                              ; 0     ;
; Number of registers using Synchronous Clear  ; 0     ;
; Number of registers using Synchronous Load   ; 0     ;
; Number of registers using Asynchronous Clear ; 0     ;
; Number of registers using Asynchronous Load  ; 0     ;
; Number of registers using Clock Enable       ; 0     ;
; Number of registers using Preset             ; 0     ;
+----------------------------------------------+-------+


+-------------------------------+
; Analysis & Synthesis Messages ;
+-------------------------------+
Info: *******************************************************************
Info: Running Quartus Prime Analysis & Synthesis
    Info: Version 20.1.1 Build 720 11/11/2020 SJ Lite Edition
    Info: Processing started: Sat May 07 23:33:40 2022
Info: Command: quartus_map --read_settings_files=on --write_settings_files=off RISC_processor -c RISC_processor
Warning (18236): Number of processors has not been specified which may cause overloading on shared machines.  Set the global assignment NUM_PARALLEL_PROCESSORS in your QSF to an appropriate value for best performance.
Info (20030): Parallel compilation is enabled and will use 4 of the 4 processors detected
Info (12021): Found 2 design units, including 1 entities, in source file pen.vhd
    Info (12022): Found design unit 1: priority_encoder-PEN File: C:/Users/Monu kumar yadav/Desktop/EE_309_project/PEN.vhd Line: 16
    Info (12023): Found entity 1: priority_encoder File: C:/Users/Monu kumar yadav/Desktop/EE_309_project/PEN.vhd Line: 7
Info (12021): Found 2 design units, including 1 entities, in source file mux2_8bit.vhd
    Info (12022): Found design unit 1: MUX2_8BIT-behave File: C:/Users/Monu kumar yadav/Desktop/EE_309_project/MUX2_8BIT.vhd Line: 15
    Info (12023): Found entity 1: MUX2_8BIT File: C:/Users/Monu kumar yadav/Desktop/EE_309_project/MUX2_8BIT.vhd Line: 7
Info (12021): Found 2 design units, including 1 entities, in source file reg_16bit.vhd
    Info (12022): Found design unit 1: clk_Reg_16bit-clk_Reg_16bit_logic File: C:/Users/Monu kumar yadav/Desktop/EE_309_project/Reg_16bit.vhd Line: 14
    Info (12023): Found entity 1: clk_Reg_16bit File: C:/Users/Monu kumar yadav/Desktop/EE_309_project/Reg_16bit.vhd Line: 6
Info (12021): Found 2 design units, including 1 entities, in source file reg_8bit.vhd
    Info (12022): Found design unit 1: clk_Reg_8bit-clk_Reg_8bit_logic File: C:/Users/Monu kumar yadav/Desktop/EE_309_project/Reg_8bit.vhd Line: 14
    Info (12023): Found entity 1: clk_Reg_8bit File: C:/Users/Monu kumar yadav/Desktop/EE_309_project/Reg_8bit.vhd Line: 6
Info (12021): Found 2 design units, including 1 entities, in source file reg_3bit.vhd
    Info (12022): Found design unit 1: clk_Reg_3bit-clk_Reg_3bit_logic File: C:/Users/Monu kumar yadav/Desktop/EE_309_project/Reg_3bit.vhd Line: 14
    Info (12023): Found entity 1: clk_Reg_3bit File: C:/Users/Monu kumar yadav/Desktop/EE_309_project/Reg_3bit.vhd Line: 6
Info (12021): Found 2 design units, including 1 entities, in source file mux2_16bit.vhd
    Info (12022): Found design unit 1: MUX2_16BIT-behave File: C:/Users/Monu kumar yadav/Desktop/EE_309_project/MUX2_16BIT.vhd Line: 15
    Info (12023): Found entity 1: MUX2_16BIT File: C:/Users/Monu kumar yadav/Desktop/EE_309_project/MUX2_16BIT.vhd Line: 7
Info (12021): Found 2 design units, including 1 entities, in source file mux2_3bit.vhd
    Info (12022): Found design unit 1: MUX2_3BIT-behave File: C:/Users/Monu kumar yadav/Desktop/EE_309_project/MUX2_3BIT.vhd Line: 15
    Info (12023): Found entity 1: MUX2_3BIT File: C:/Users/Monu kumar yadav/Desktop/EE_309_project/MUX2_3BIT.vhd Line: 7
Info (12021): Found 2 design units, including 1 entities, in source file mux_4_16bit.vhd
    Info (12022): Found design unit 1: MUX_4_16BIT-MUX4 File: C:/Users/Monu kumar yadav/Desktop/EE_309_project/MUX_4_16BIT.vhd Line: 12
    Info (12023): Found entity 1: MUX_4_16BIT File: C:/Users/Monu kumar yadav/Desktop/EE_309_project/MUX_4_16BIT.vhd Line: 4
Info (12021): Found 2 design units, including 1 entities, in source file mux_4_3bit.vhd
    Info (12022): Found design unit 1: MUX_4_3BIT-MUX4 File: C:/Users/Monu kumar yadav/Desktop/EE_309_project/MUX_4_3BIT.vhd Line: 12
    Info (12023): Found entity 1: MUX_4_3BIT File: C:/Users/Monu kumar yadav/Desktop/EE_309_project/MUX_4_3BIT.vhd Line: 4
Info (12021): Found 2 design units, including 1 entities, in source file se16.vhd
    Info (12022): Found design unit 1: SE16-Stru File: C:/Users/Monu kumar yadav/Desktop/EE_309_project/SE16.vhd Line: 11
    Info (12023): Found entity 1: SE16 File: C:/Users/Monu kumar yadav/Desktop/EE_309_project/SE16.vhd Line: 6
Info (12021): Found 2 design units, including 1 entities, in source file se6to16.vhd
    Info (12022): Found design unit 1: SE6TO16-Stru1 File: C:/Users/Monu kumar yadav/Desktop/EE_309_project/SE6to16.vhd Line: 11
    Info (12023): Found entity 1: SE6TO16 File: C:/Users/Monu kumar yadav/Desktop/EE_309_project/SE6to16.vhd Line: 6
Info (12021): Found 2 design units, including 1 entities, in source file mem.vhd
    Info (12022): Found design unit 1: Mem-Mem_logic File: C:/Users/Monu kumar yadav/Desktop/EE_309_project/Mem.vhd Line: 14
    Info (12023): Found entity 1: Mem File: C:/Users/Monu kumar yadav/Desktop/EE_309_project/Mem.vhd Line: 6
Info (12021): Found 2 design units, including 1 entities, in source file ctrl.vhd
    Info (12022): Found design unit 1: control-control_logic File: C:/Users/Monu kumar yadav/Desktop/EE_309_project/ctrl.vhd Line: 15
    Info (12023): Found entity 1: control File: C:/Users/Monu kumar yadav/Desktop/EE_309_project/ctrl.vhd Line: 6
Info (12021): Found 2 design units, including 1 entities, in source file res_c.vhd
    Info (12022): Found design unit 1: RES_C-ALUout_logic File: C:/Users/Monu kumar yadav/Desktop/EE_309_project/RES_C.vhd Line: 14
    Info (12023): Found entity 1: RES_C File: C:/Users/Monu kumar yadav/Desktop/EE_309_project/RES_C.vhd Line: 6
Info (12021): Found 2 design units, including 1 entities, in source file alu.vhd
    Info (12022): Found design unit 1: alu-alu_logic File: C:/Users/Monu kumar yadav/Desktop/EE_309_project/ALU.vhd Line: 17
    Info (12023): Found entity 1: alu File: C:/Users/Monu kumar yadav/Desktop/EE_309_project/ALU.vhd Line: 6
Info (12021): Found 2 design units, including 1 entities, in source file rf.vhd
    Info (12022): Found design unit 1: RF-RF_logic File: C:/Users/Monu kumar yadav/Desktop/EE_309_project/RF.vhd Line: 15
    Info (12023): Found entity 1: RF File: C:/Users/Monu kumar yadav/Desktop/EE_309_project/RF.vhd Line: 6
Info (12021): Found 2 design units, including 1 entities, in source file ir.vhd
    Info (12022): Found design unit 1: IR-IR_logic File: C:/Users/Monu kumar yadav/Desktop/EE_309_project/IR.vhd Line: 14
    Info (12023): Found entity 1: IR File: C:/Users/Monu kumar yadav/Desktop/EE_309_project/IR.vhd Line: 6
Info (12021): Found 2 design units, including 1 entities, in source file shift1.vhd
    Info (12022): Found design unit 1: Shift1-Struct1 File: C:/Users/Monu kumar yadav/Desktop/EE_309_project/Shift1.vhd Line: 9
    Info (12023): Found entity 1: Shift1 File: C:/Users/Monu kumar yadav/Desktop/EE_309_project/Shift1.vhd Line: 4
Info (12021): Found 2 design units, including 1 entities, in source file shift7.vhd
    Info (12022): Found design unit 1: Shift7-Struct1 File: C:/Users/Monu kumar yadav/Desktop/EE_309_project/Shift7.vhd Line: 9
    Info (12023): Found entity 1: Shift7 File: C:/Users/Monu kumar yadav/Desktop/EE_309_project/Shift7.vhd Line: 4
Info (12021): Found 2 design units, including 1 entities, in source file risc_processor.vhd
    Info (12022): Found design unit 1: RISC_processor-arch File: C:/Users/Monu kumar yadav/Desktop/EE_309_project/RISC_processor.vhd Line: 9
    Info (12023): Found entity 1: RISC_processor File: C:/Users/Monu kumar yadav/Desktop/EE_309_project/RISC_processor.vhd Line: 4
Info (12127): Elaborating entity "RISC_processor" for the top level hierarchy
Warning (21074): Design contains 2 input pin(s) that do not drive logic
    Warning (15610): No output dependent on input pin "clk" File: C:/Users/Monu kumar yadav/Desktop/EE_309_project/RISC_processor.vhd Line: 5
    Warning (15610): No output dependent on input pin "rst" File: C:/Users/Monu kumar yadav/Desktop/EE_309_project/RISC_processor.vhd Line: 5
Info (21057): Implemented 2 device resources after synthesis - the final resource count might be different
    Info (21058): Implemented 2 input pins
    Info (21059): Implemented 0 output pins
Info: Quartus Prime Analysis & Synthesis was successful. 0 errors, 4 warnings
    Info: Peak virtual memory: 4751 megabytes
    Info: Processing ended: Sat May 07 23:33:54 2022
    Info: Elapsed time: 00:00:14
    Info: Total CPU time (on all processors): 00:00:38


